<?xml version="1.0" encoding="UTF-8"?>
<!-- Generated by org.testng.reporters.JUnitXMLReporter -->
<testsuite hostname="cepl-lenovo-v310-14ik" ignored="0" name="firefox" tests="1" failures="1" timestamp="20 Jun 2019 21:34:20 GMT" time="4.725" errors="0">
  <testcase name="veriyHotelBooking" time="0.0" classname="hotel.HotelTestFunctions">
    <failure type="org.testng.TestNGException" message="
Cannot inject @Test annotated Method [veriyHotelBooking] with [class java.lang.String].
For more information on native dependency injection please refer to http://testng.org/doc/documentation-main.html#native-dependency-injection">
      <![CDATA[org.testng.TestNGException: 
Cannot inject @Test annotated Method [veriyHotelBooking] with [class java.lang.String].
For more information on native dependency injection please refer to http://testng.org/doc/documentation-main.html#native-dependency-injection
... Removed 24 stack frames]]>
    </failure>
  </testcase> <!-- veriyHotelBooking -->
</testsuite> <!-- firefox -->
