<?xml version="1.0" encoding="UTF-8"?>
<!-- Generated by org.testng.reporters.JUnitXMLReporter -->
<testsuite hostname="cepl-lenovo-v310-14ik" ignored="0" name="hotel" tests="1" failures="0" timestamp="21 Jun 2019 07:20:51 GMT" time="0.029" errors="0">
  <testcase name="@BeforeClass setUp" time="0.0" classname="Test.TestVagrant.BaseClass">
    <failure type="org.testng.TestNGException" message="
Parameter &amp;apos;driverPath&amp;apos; is required by BeforeClass on method setUp but has not been marked @Optional or defined
in /home/cepl/eclipse-workspace/TestVagrant/testng.xml">
      <![CDATA[org.testng.TestNGException: 
Parameter 'driverPath' is required by BeforeClass on method setUp but has not been marked @Optional or defined
in /home/cepl/eclipse-workspace/TestVagrant/testng.xml
... Removed 23 stack frames]]>
    </failure>
  </testcase> <!-- @BeforeClass setUp -->
  <testcase name="@AfterClass quiBrowser" time="0.0" classname="Test.TestVagrant.BaseClass">
    <skipped/>
  </testcase> <!-- @AfterClass quiBrowser -->
  <testcase name="veriyHotelBooking" time="0.0" classname="hotel.HotelTestFunctions">
    <skipped/>
  </testcase> <!-- veriyHotelBooking -->
</testsuite> <!-- hotel -->
