<?xml version="1.0" encoding="UTF-8"?>
<testng-results skipped="0" failed="1" ignored="0" total="3" passed="2">
  <reporter-output>
  </reporter-output>
  <suite name="Suite" duration-ms="159668" started-at="2019-06-21T04:17:53Z" finished-at="2019-06-21T04:20:33Z">
    <groups>
    </groups>
    <test name="Flight" duration-ms="126618" started-at="2019-06-21T04:17:53Z" finished-at="2019-06-21T04:20:00Z">
      <class name="flight.FlightFunctionality">
        <test-method status="PASS" signature="setUp(java.lang.String, java.lang.String)[pri:0, instance:flight.FlightFunctionality@68c4039c]" name="setUp" is-config="true" duration-ms="115012" started-at="2019-06-21T04:17:53Z" finished-at="2019-06-21T04:19:48Z">
          <params>
            <param index="0">
              <value>
                <![CDATA[chrome]]>
              </value>
            </param>
            <param index="1">
              <value>
                <![CDATA[https://www.cleartrip.com/]]>
              </value>
            </param>
          </params>
          <reporter-output>
          </reporter-output>
        </test-method> <!-- setUp -->
        <test-method status="PASS" signature="verifyFlightSearch()[pri:0, instance:flight.FlightFunctionality@68c4039c]" name="verifyFlightSearch" duration-ms="7680" started-at="2019-06-21T04:19:49Z" finished-at="2019-06-21T04:19:56Z">
          <reporter-output>
          </reporter-output>
        </test-method> <!-- verifyFlightSearch -->
        <test-method status="PASS" signature="verifyRoundTtrip()[pri:1, instance:flight.FlightFunctionality@68c4039c]" name="verifyRoundTtrip" duration-ms="3838" started-at="2019-06-21T04:19:56Z" finished-at="2019-06-21T04:20:00Z">
          <reporter-output>
          </reporter-output>
        </test-method> <!-- verifyRoundTtrip -->
        <test-method status="PASS" signature="quiBrowser()[pri:0, instance:flight.FlightFunctionality@68c4039c]" name="quiBrowser" is-config="true" duration-ms="69" started-at="2019-06-21T04:20:00Z" finished-at="2019-06-21T04:20:00Z">
          <reporter-output>
          </reporter-output>
        </test-method> <!-- quiBrowser -->
      </class> <!-- flight.FlightFunctionality -->
    </test> <!-- Flight -->
    <test name="hotel" duration-ms="33039" started-at="2019-06-21T04:20:00Z" finished-at="2019-06-21T04:20:33Z">
      <class name="hotel.HotelTestFunctions">
        <test-method status="PASS" signature="setUp(java.lang.String, java.lang.String)[pri:0, instance:hotel.HotelTestFunctions@464bee09]" name="setUp" is-config="true" duration-ms="5112" started-at="2019-06-21T04:20:00Z" finished-at="2019-06-21T04:20:05Z">
          <params>
            <param index="0">
              <value>
                <![CDATA[chrome]]>
              </value>
            </param>
            <param index="1">
              <value>
                <![CDATA[https://www.cleartrip.com/]]>
              </value>
            </param>
          </params>
          <reporter-output>
          </reporter-output>
        </test-method> <!-- setUp -->
        <test-method status="FAIL" signature="veriyHotelBooking()[pri:0, instance:hotel.HotelTestFunctions@464bee09]" name="veriyHotelBooking" duration-ms="27792" started-at="2019-06-21T04:20:05Z" finished-at="2019-06-21T04:20:33Z">
          <exception class="org.openqa.selenium.TimeoutException">
            <message>
              <![CDATA[Expected condition failed: waiting for visibility of element located by By.id: ui-id-1 (tried for 20 second(s) with 500 milliseconds interval)
Build info: version: '3.141.59', revision: 'e82be7d358', time: '2018-11-14T08:17:03'
System info: host: 'cepl-lenovo-v310-14ik', ip: '192.168.1.14', os.name: 'Linux', os.arch: 'amd64', os.version: '4.15.0-51-generic', java.version: '1.8.0_201'
Driver info: org.openqa.selenium.chrome.ChromeDriver
Capabilities {acceptInsecureCerts: false, acceptSslCerts: false, applicationCacheEnabled: false, browserConnectionEnabled: false, browserName: chrome, chrome: {chromedriverVersion: 74.0.3729.6 (255758eccf3d24..., userDataDir: /tmp/.com.google.Chrome.X4XMcc}, cssSelectorsEnabled: true, databaseEnabled: false, goog:chromeOptions: {debuggerAddress: localhost:34285}, handlesAlerts: true, hasTouchScreen: false, javascriptEnabled: true, locationContextEnabled: true, mobileEmulationEnabled: false, nativeEvents: true, networkConnectionEnabled: false, pageLoadStrategy: normal, platform: LINUX, platformName: LINUX, proxy: Proxy(), rotatable: false, setWindowRect: true, strictFileInteractability: false, takesHeapSnapshot: true, takesScreenshot: true, timeouts: {implicit: 0, pageLoad: 300000, script: 30000}, unexpectedAlertBehaviour: ignore, unhandledPromptBehavior: ignore, version: 74.0.3729.131, webStorageEnabled: true}
Session ID: 3d2dde87d717eecd44ddd95199d6b840]]>
            </message>
            <full-stacktrace>
              <![CDATA[org.openqa.selenium.TimeoutException: Expected condition failed: waiting for visibility of element located by By.id: ui-id-1 (tried for 20 second(s) with 500 milliseconds interval)
Build info: version: '3.141.59', revision: 'e82be7d358', time: '2018-11-14T08:17:03'
System info: host: 'cepl-lenovo-v310-14ik', ip: '192.168.1.14', os.name: 'Linux', os.arch: 'amd64', os.version: '4.15.0-51-generic', java.version: '1.8.0_201'
Driver info: org.openqa.selenium.chrome.ChromeDriver
Capabilities {acceptInsecureCerts: false, acceptSslCerts: false, applicationCacheEnabled: false, browserConnectionEnabled: false, browserName: chrome, chrome: {chromedriverVersion: 74.0.3729.6 (255758eccf3d24..., userDataDir: /tmp/.com.google.Chrome.X4XMcc}, cssSelectorsEnabled: true, databaseEnabled: false, goog:chromeOptions: {debuggerAddress: localhost:34285}, handlesAlerts: true, hasTouchScreen: false, javascriptEnabled: true, locationContextEnabled: true, mobileEmulationEnabled: false, nativeEvents: true, networkConnectionEnabled: false, pageLoadStrategy: normal, platform: LINUX, platformName: LINUX, proxy: Proxy(), rotatable: false, setWindowRect: true, strictFileInteractability: false, takesHeapSnapshot: true, takesScreenshot: true, timeouts: {implicit: 0, pageLoad: 300000, script: 30000}, unexpectedAlertBehaviour: ignore, unhandledPromptBehavior: ignore, version: 74.0.3729.131, webStorageEnabled: true}
Session ID: 3d2dde87d717eecd44ddd95199d6b840
at org.openqa.selenium.support.ui.WebDriverWait.timeoutException(WebDriverWait.java:95)
at org.openqa.selenium.support.ui.FluentWait.until(FluentWait.java:272)
at hotel.HotelTestCase.findHotel(HotelTestCase.java:41)
at hotel.HotelTestFunctions.veriyHotelBooking(HotelTestFunctions.java:13)
at sun.reflect.NativeMethodAccessorImpl.invoke0(Native Method)
at sun.reflect.NativeMethodAccessorImpl.invoke(NativeMethodAccessorImpl.java:62)
at sun.reflect.DelegatingMethodAccessorImpl.invoke(DelegatingMethodAccessorImpl.java:43)
at java.lang.reflect.Method.invoke(Method.java:498)
at org.testng.internal.MethodInvocationHelper.invokeMethod(MethodInvocationHelper.java:124)
at org.testng.internal.Invoker.invokeMethod(Invoker.java:583)
at org.testng.internal.Invoker.invokeTestMethod(Invoker.java:719)
at org.testng.internal.Invoker.invokeTestMethods(Invoker.java:989)
at org.testng.internal.TestMethodWorker.invokeTestMethods(TestMethodWorker.java:125)
at org.testng.internal.TestMethodWorker.run(TestMethodWorker.java:109)
at org.testng.TestRunner.privateRun(TestRunner.java:648)
at org.testng.TestRunner.run(TestRunner.java:505)
at org.testng.SuiteRunner.runTest(SuiteRunner.java:455)
at org.testng.SuiteRunner.runSequentially(SuiteRunner.java:450)
at org.testng.SuiteRunner.privateRun(SuiteRunner.java:415)
at org.testng.SuiteRunner.run(SuiteRunner.java:364)
at org.testng.SuiteRunnerWorker.runSuite(SuiteRunnerWorker.java:52)
at org.testng.SuiteRunnerWorker.run(SuiteRunnerWorker.java:84)
at org.testng.TestNG.runSuitesSequentially(TestNG.java:1208)
at org.testng.TestNG.runSuitesLocally(TestNG.java:1137)
at org.testng.TestNG.runSuites(TestNG.java:1049)
at org.testng.TestNG.run(TestNG.java:1017)
at org.testng.remote.AbstractRemoteTestNG.run(AbstractRemoteTestNG.java:115)
at org.testng.remote.RemoteTestNG.initAndRun(RemoteTestNG.java:251)
at org.testng.remote.RemoteTestNG.main(RemoteTestNG.java:77)
]]>
            </full-stacktrace>
          </exception> <!-- org.openqa.selenium.TimeoutException -->
          <reporter-output>
          </reporter-output>
        </test-method> <!-- veriyHotelBooking -->
        <test-method status="PASS" signature="quiBrowser()[pri:0, instance:hotel.HotelTestFunctions@464bee09]" name="quiBrowser" is-config="true" duration-ms="125" started-at="2019-06-21T04:20:33Z" finished-at="2019-06-21T04:20:33Z">
          <reporter-output>
          </reporter-output>
        </test-method> <!-- quiBrowser -->
      </class> <!-- hotel.HotelTestFunctions -->
    </test> <!-- hotel -->
  </suite> <!-- Suite -->
</testng-results>
